  [1m[35m (13.9ms)[0m  [1m[34mSELECT sqlite_version(*)[0m
  [1m[35m (10.3ms)[0m  [1m[35mCREATE TABLE "schema_migrations" ("version" varchar NOT NULL PRIMARY KEY)[0m
  [1m[35m (8.7ms)[0m  [1m[35mCREATE TABLE "ar_internal_metadata" ("key" varchar NOT NULL PRIMARY KEY, "value" varchar, "created_at" datetime(6) NOT NULL, "updated_at" datetime(6) NOT NULL)[0m
  [1m[35m (0.4ms)[0m  [1m[34mSELECT "schema_migrations"."version" FROM "schema_migrations" ORDER BY "schema_migrations"."version" ASC[0m
Migrating to CreateUsers (20200218064206)
  [1m[35m (0.1ms)[0m  [1m[36mbegin transaction[0m
  [1m[35m (1.7ms)[0m  [1m[35mCREATE TABLE "users" ("id" integer PRIMARY KEY AUTOINCREMENT NOT NULL, "created_at" datetime(6) NOT NULL, "updated_at" datetime(6) NOT NULL)[0m
  [1m[36mprimary::SchemaMigration Create (0.3ms)[0m  [1m[32mINSERT INTO "schema_migrations" ("version") VALUES (?)[0m  [["version", "20200218064206"]]
  [1m[35m (7.7ms)[0m  [1m[36mcommit transaction[0m
Migrating to CreatePhotos (20200218064651)
  [1m[35m (0.1ms)[0m  [1m[36mbegin transaction[0m
  [1m[35m (1.4ms)[0m  [1m[35mCREATE TABLE "photos" ("id" integer PRIMARY KEY AUTOINCREMENT NOT NULL, "created_at" datetime(6) NOT NULL, "updated_at" datetime(6) NOT NULL)[0m
  [1m[36mprimary::SchemaMigration Create (0.3ms)[0m  [1m[32mINSERT INTO "schema_migrations" ("version") VALUES (?)[0m  [["version", "20200218064651"]]
  [1m[35m (7.8ms)[0m  [1m[36mcommit transaction[0m
Migrating to CreateComments (20200218064840)
  [1m[35m (0.1ms)[0m  [1m[36mbegin transaction[0m
  [1m[35m (1.3ms)[0m  [1m[35mCREATE TABLE "comments" ("id" integer PRIMARY KEY AUTOINCREMENT NOT NULL, "created_at" datetime(6) NOT NULL, "updated_at" datetime(6) NOT NULL)[0m
  [1m[36mprimary::SchemaMigration Create (0.3ms)[0m  [1m[32mINSERT INTO "schema_migrations" ("version") VALUES (?)[0m  [["version", "20200218064840"]]
  [1m[35m (20.1ms)[0m  [1m[36mcommit transaction[0m
Migrating to LoadData (20200218065146)
  [1m[35m (0.1ms)[0m  [1m[36mbegin transaction[0m
  [1m[36mComment Destroy (1.0ms)[0m  [1m[31mDELETE FROM "comments"[0m
  [1m[36mPhoto Destroy (0.2ms)[0m  [1m[31mDELETE FROM "photos"[0m
  [1m[36mUser Destroy (0.2ms)[0m  [1m[31mDELETE FROM "users"[0m
  [1m[35m (1.4ms)[0m  [1m[31mrollback transaction[0m
  [1m[35m (5.1ms)[0m  [1m[34mSELECT sqlite_version(*)[0m
  [1m[35m (0.4ms)[0m  [1m[34mSELECT "schema_migrations"."version" FROM "schema_migrations" ORDER BY "schema_migrations"."version" ASC[0m
Migrating to LoadData (20200218065146)
  [1m[35m (0.1ms)[0m  [1m[36mbegin transaction[0m
  [1m[36mComment Destroy (1.2ms)[0m  [1m[31mDELETE FROM "comments"[0m
  [1m[36mPhoto Destroy (0.2ms)[0m  [1m[31mDELETE FROM "photos"[0m
  [1m[36mUser Destroy (0.1ms)[0m  [1m[31mDELETE FROM "users"[0m
  [1m[35m (1.4ms)[0m  [1m[31mrollback transaction[0m
  [1m[35m (5.3ms)[0m  [1m[34mSELECT sqlite_version(*)[0m
  [1m[35m (0.4ms)[0m  [1m[34mSELECT "schema_migrations"."version" FROM "schema_migrations" ORDER BY "schema_migrations"."version" ASC[0m
Migrating to LoadData (20200218065146)
  [1m[35m (0.1ms)[0m  [1m[36mbegin transaction[0m
  [1m[36mComment Destroy (1.3ms)[0m  [1m[31mDELETE FROM "comments"[0m
  [1m[36mPhoto Destroy (0.2ms)[0m  [1m[31mDELETE FROM "photos"[0m
  [1m[36mUser Destroy (0.1ms)[0m  [1m[31mDELETE FROM "users"[0m
  [1m[36mUser Create (1.2ms)[0m  [1m[32mINSERT INTO "users" ("created_at", "updated_at", "first_name", "last_name") VALUES (?, ?, ?, ?)[0m  [["created_at", "2020-02-18 07:25:53.324262"], ["updated_at", "2020-02-18 07:25:53.324262"], ["first_name", "Justin"], ["last_name", "Bieber"]]
  [1m[36mUser Create (0.2ms)[0m  [1m[32mINSERT INTO "users" ("created_at", "updated_at", "first_name", "last_name") VALUES (?, ?, ?, ?)[0m  [["created_at", "2020-02-18 07:25:53.328113"], ["updated_at", "2020-02-18 07:25:53.328113"], ["first_name", "Paris"], ["last_name", "Hilton"]]
  [1m[36mUser Create (0.1ms)[0m  [1m[32mINSERT INTO "users" ("created_at", "updated_at", "first_name", "last_name") VALUES (?, ?, ?, ?)[0m  [["created_at", "2020-02-18 07:25:53.330143"], ["updated_at", "2020-02-18 07:25:53.330143"], ["first_name", "Megan"], ["last_name", "Trainor"]]
  [1m[36mUser Create (0.1ms)[0m  [1m[32mINSERT INTO "users" ("created_at", "updated_at", "first_name", "last_name") VALUES (?, ?, ?, ?)[0m  [["created_at", "2020-02-18 07:25:53.332411"], ["updated_at", "2020-02-18 07:25:53.332411"], ["first_name", "Barack"], ["last_name", "Obama"]]
  [1m[36mUser Create (0.1ms)[0m  [1m[32mINSERT INTO "users" ("created_at", "updated_at", "first_name", "last_name") VALUES (?, ?, ?, ?)[0m  [["created_at", "2020-02-18 07:25:53.334454"], ["updated_at", "2020-02-18 07:25:53.334454"], ["first_name", "Santa"], ["last_name", "Claus"]]
  [1m[36mUser Create (0.2ms)[0m  [1m[32mINSERT INTO "users" ("created_at", "updated_at", "first_name", "last_name") VALUES (?, ?, ?, ?)[0m  [["created_at", "2020-02-18 07:25:53.336630"], ["updated_at", "2020-02-18 07:25:53.336630"], ["first_name", "John"], ["last_name", "Ousterhout"]]
  [1m[36mPhoto Create (0.2ms)[0m  [1m[32mINSERT INTO "photos" ("created_at", "updated_at", "user_id", "date_time", "file_name") VALUES (?, ?, ?, ?, ?)[0m  [["created_at", "2020-02-18 07:25:53.406594"], ["updated_at", "2020-02-18 07:25:53.406594"], ["user_id", 6], ["date_time", "2012-08-30"], ["file_name", "ouster.jpg"]]
  [1m[36mPhoto Create (0.2ms)[0m  [1m[32mINSERT INTO "photos" ("created_at", "updated_at", "user_id", "date_time", "file_name") VALUES (?, ?, ?, ?, ?)[0m  [["created_at", "2020-02-18 07:25:53.413615"], ["updated_at", "2020-02-18 07:25:53.413615"], ["user_id", 1], ["date_time", "2009-09-13"], ["file_name", "bieber1.jpg"]]
  [1m[36mPhoto Create (0.1ms)[0m  [1m[32mINSERT INTO "photos" ("created_at", "updated_at", "user_id", "date_time", "file_name") VALUES (?, ?, ?, ?, ?)[0m  [["created_at", "2020-02-18 07:25:53.416115"], ["updated_at", "2020-02-18 07:25:53.416115"], ["user_id", 1], ["date_time", "2009-09-13"], ["file_name", "bieber2.jpg"]]
  [1m[36mPhoto Create (0.2ms)[0m  [1m[32mINSERT INTO "photos" ("created_at", "updated_at", "user_id", "date_time", "file_name") VALUES (?, ?, ?, ?, ?)[0m  [["created_at", "2020-02-18 07:25:53.418739"], ["updated_at", "2020-02-18 07:25:53.418739"], ["user_id", 2], ["date_time", "2013-11-18"], ["file_name", "hilton1.jpg"]]
  [1m[36mPhoto Create (0.2ms)[0m  [1m[32mINSERT INTO "photos" ("created_at", "updated_at", "user_id", "date_time", "file_name") VALUES (?, ?, ?, ?, ?)[0m  [["created_at", "2020-02-18 07:25:53.421146"], ["updated_at", "2020-02-18 07:25:53.421146"], ["user_id", 2], ["date_time", "2013-09-20"], ["file_name", "hilton2.jpg"]]
  [1m[36mPhoto Create (0.2ms)[0m  [1m[32mINSERT INTO "photos" ("created_at", "updated_at", "user_id", "date_time", "file_name") VALUES (?, ?, ?, ?, ?)[0m  [["created_at", "2020-02-18 07:25:53.423781"], ["updated_at", "2020-02-18 07:25:53.423781"], ["user_id", 4], ["date_time", "2009-07-10"], ["file_name", "obama1.jpg"]]
  [1m[36mPhoto Create (0.3ms)[0m  [1m[32mINSERT INTO "photos" ("created_at", "updated_at", "user_id", "date_time", "file_name") VALUES (?, ?, ?, ?, ?)[0m  [["created_at", "2020-02-18 07:25:53.426374"], ["updated_at", "2020-02-18 07:25:53.426374"], ["user_id", 4], ["date_time", "2010-03-18"], ["file_name", "obama2.jpg"]]
  [1m[36mPhoto Create (0.2ms)[0m  [1m[32mINSERT INTO "photos" ("created_at", "updated_at", "user_id", "date_time", "file_name") VALUES (?, ?, ?, ?, ?)[0m  [["created_at", "2020-02-18 07:25:53.429065"], ["updated_at", "2020-02-18 07:25:53.429065"], ["user_id", 4], ["date_time", "2010-08-30"], ["file_name", "obama3.jpg"]]
  [1m[36mPhoto Create (0.2ms)[0m  [1m[32mINSERT INTO "photos" ("created_at", "updated_at", "user_id", "date_time", "file_name") VALUES (?, ?, ?, ?, ?)[0m  [["created_at", "2020-02-18 07:25:53.431752"], ["updated_at", "2020-02-18 07:25:53.431752"], ["user_id", 3], ["date_time", "2013-12-03"], ["file_name", "megan1.jpg"]]
  [1m[36mPhoto Create (0.2ms)[0m  [1m[32mINSERT INTO "photos" ("created_at", "updated_at", "user_id", "date_time", "file_name") VALUES (?, ?, ?, ?, ?)[0m  [["created_at", "2020-02-18 07:25:53.434122"], ["updated_at", "2020-02-18 07:25:53.434122"], ["user_id", 3], ["date_time", "2013-12-03"], ["file_name", "megan2.jpg"]]
  [1m[36mPhoto Create (0.1ms)[0m  [1m[32mINSERT INTO "photos" ("created_at", "updated_at", "user_id", "date_time", "file_name") VALUES (?, ?, ?, ?, ?)[0m  [["created_at", "2020-02-18 07:25:53.436683"], ["updated_at", "2020-02-18 07:25:53.436683"], ["user_id", 5], ["date_time", "2013-09-04"], ["file_name", "santa1.jpg"]]
  [1m[36mPhoto Create (0.1ms)[0m  [1m[32mINSERT INTO "photos" ("created_at", "updated_at", "user_id", "date_time", "file_name") VALUES (?, ?, ?, ?, ?)[0m  [["created_at", "2020-02-18 07:25:53.439177"], ["updated_at", "2020-02-18 07:25:53.439177"], ["user_id", 4], ["date_time", "2013-10-16"], ["file_name", "obama4.jpg"]]
  [1m[36mComment Create (0.2ms)[0m  [1m[32mINSERT INTO "comments" ("created_at", "updated_at", "date_time", "comment_text", "user_id", "photo_id") VALUES (?, ?, ?, ?, ?, ?)[0m  [["created_at", "2020-02-18 07:25:53.453458"], ["updated_at", "2020-02-18 07:25:53.453458"], ["date_time", "2012-09-02"], ["comment_text", "Learning new programming languages is hard..."], ["user_id", 6], ["photo_id", 1]]
  [1m[36mComment Create (0.2ms)[0m  [1m[32mINSERT INTO "comments" ("created_at", "updated_at", "date_time", "comment_text", "user_id", "photo_id") VALUES (?, ?, ?, ?, ?, ?)[0m  [["created_at", "2020-02-18 07:25:53.459969"], ["updated_at", "2020-02-18 07:25:53.459969"], ["date_time", "2013-09-06"], ["comment_text", "This is another comment, with a bit more text; if the text gets long enough, does it wrap properly from line to line?"], ["user_id", 6], ["photo_id", 1]]
  [1m[36mComment Create (0.2ms)[0m  [1m[32mINSERT INTO "comments" ("created_at", "updated_at", "date_time", "comment_text", "user_id", "photo_id") VALUES (?, ?, ?, ?, ?, ?)[0m  [["created_at", "2020-02-18 07:25:53.464496"], ["updated_at", "2020-02-18 07:25:53.464496"], ["date_time", "2013-09-08"], ["comment_text", "If you see this text in <b>boldface</b> then HTML escaping isn't working properly."], ["user_id", 6], ["photo_id", 1]]
  [1m[36mComment Create (0.2ms)[0m  [1m[32mINSERT INTO "comments" ("created_at", "updated_at", "date_time", "comment_text", "user_id", "photo_id") VALUES (?, ?, ?, ?, ?, ?)[0m  [["created_at", "2020-02-18 07:25:53.470530"], ["updated_at", "2020-02-18 07:25:53.470530"], ["date_time", "2009-09-14"], ["comment_text", "No, people, she is *not* my mom.  She's my date."], ["user_id", 1], ["photo_id", 2]]
  [1m[36mComment Create (0.2ms)[0m  [1m[32mINSERT INTO "comments" ("created_at", "updated_at", "date_time", "comment_text", "user_id", "photo_id") VALUES (?, ?, ?, ?, ?, ?)[0m  [["created_at", "2020-02-18 07:25:53.476725"], ["updated_at", "2020-02-18 07:25:53.476725"], ["date_time", "2013-11-28"], ["comment_text", "I came up with lots of comments for this photo, but unfortunately none of them are printable."], ["user_id", 6], ["photo_id", 5]]
  [1m[36mComment Create (0.2ms)[0m  [1m[32mINSERT INTO "comments" ("created_at", "updated_at", "date_time", "comment_text", "user_id", "photo_id") VALUES (?, ?, ?, ?, ?, ?)[0m  [["created_at", "2020-02-18 07:25:53.481159"], ["updated_at", "2020-02-18 07:25:53.481159"], ["date_time", "2013-11-02"], ["comment_text", "Hey Barack, great form! Can u give me some bowling tips? xxoo Paris"], ["user_id", 2], ["photo_id", 7]]
  [1m[36mComment Create (0.2ms)[0m  [1m[32mINSERT INTO "comments" ("created_at", "updated_at", "date_time", "comment_text", "user_id", "photo_id") VALUES (?, ?, ?, ?, ?, ?)[0m  [["created_at", "2020-02-18 07:25:53.487280"], ["updated_at", "2020-02-18 07:25:53.487280"], ["date_time", "2013-11-02"], ["comment_text", "Sure, let's get together when Lindsay gets out of rehab and I get healthcare.gov working."], ["user_id", 4], ["photo_id", 7]]
  [1m[36mComment Create (0.2ms)[0m  [1m[32mINSERT INTO "comments" ("created_at", "updated_at", "date_time", "comment_text", "user_id", "photo_id") VALUES (?, ?, ?, ?, ?, ?)[0m  [["created_at", "2020-02-18 07:25:53.491897"], ["updated_at", "2020-02-18 07:25:53.491897"], ["date_time", "2010-09-06"], ["comment_text", "We're off to a Justin Bieber concert"], ["user_id", 4], ["photo_id", 8]]
  [1m[36mComment Create (0.2ms)[0m  [1m[32mINSERT INTO "comments" ("created_at", "updated_at", "date_time", "comment_text", "user_id", "photo_id") VALUES (?, ?, ?, ?, ?, ?)[0m  [["created_at", "2020-02-18 07:25:53.497886"], ["updated_at", "2020-02-18 07:25:53.497886"], ["date_time", "2013-10-16"], ["comment_text", "He kept trying to tell me that healthcare.gov is fixed, but I could see as plain as day that they forgot a </div>. Can anyone tell me why we're building this site in Java instead of Rails?"], ["user_id", 4], ["photo_id", 12]]
  [1m[36mComment Create (0.2ms)[0m  [1m[32mINSERT INTO "comments" ("created_at", "updated_at", "date_time", "comment_text", "user_id", "photo_id") VALUES (?, ?, ?, ?, ?, ?)[0m  [["created_at", "2020-02-18 07:25:53.502584"], ["updated_at", "2020-02-18 07:25:53.502584"], ["date_time", "2013-12-04"], ["comment_text", "To all my fans, I just want to say how Iam all about that base."], ["user_id", 3], ["photo_id", 10]]
  [1m[36mComment Create (0.2ms)[0m  [1m[32mINSERT INTO "comments" ("created_at", "updated_at", "date_time", "comment_text", "user_id", "photo_id") VALUES (?, ?, ?, ?, ?, ?)[0m  [["created_at", "2020-02-18 07:25:53.508241"], ["updated_at", "2020-02-18 07:25:53.508241"], ["date_time", "2013-09-04"], ["comment_text", "I'm going to be watching how well you do in CS 6320!"], ["user_id", 5], ["photo_id", 11]]
  [1m[36mprimary::SchemaMigration Create (0.2ms)[0m  [1m[32mINSERT INTO "schema_migrations" ("version") VALUES (?)[0m  [["version", "20200218065146"]]
  [1m[35m (8.4ms)[0m  [1m[36mcommit transaction[0m
  [1m[36mActiveRecord::InternalMetadata Load (1.1ms)[0m  [1m[34mSELECT "ar_internal_metadata".* FROM "ar_internal_metadata" WHERE "ar_internal_metadata"."key" = ? LIMIT ?[0m  [["key", "environment"], ["LIMIT", 1]]
  [1m[35m (0.1ms)[0m  [1m[36mbegin transaction[0m
  [1m[36mActiveRecord::InternalMetadata Create (1.5ms)[0m  [1m[32mINSERT INTO "ar_internal_metadata" ("key", "value", "created_at", "updated_at") VALUES (?, ?, ?, ?)[0m  [["key", "environment"], ["value", "development"], ["created_at", "2020-02-18 07:25:53.583549"], ["updated_at", "2020-02-18 07:25:53.583549"]]
  [1m[35m (6.9ms)[0m  [1m[36mcommit transaction[0m
  [1m[35m (0.1ms)[0m  [1m[34mSELECT sqlite_version(*)[0m
  [1m[35m (0.3ms)[0m  [1m[34mSELECT "schema_migrations"."version" FROM "schema_migrations" ORDER BY "schema_migrations"."version" ASC[0m
  [1m[35m (13.9ms)[0m  [1m[34mSELECT sqlite_version(*)[0m
  [1m[35m (0.4ms)[0m  [1m[34mSELECT "schema_migrations"."version" FROM "schema_migrations" ORDER BY "schema_migrations"."version" ASC[0m
  [1m[36mActiveRecord::InternalMetadata Load (1.1ms)[0m  [1m[34mSELECT "ar_internal_metadata".* FROM "ar_internal_metadata" WHERE "ar_internal_metadata"."key" = ? LIMIT ?[0m  [["key", "environment"], ["LIMIT", 1]]
  [1m[35m (0.1ms)[0m  [1m[34mSELECT sqlite_version(*)[0m
  [1m[35m (5.4ms)[0m  [1m[34mSELECT sqlite_version(*)[0m
  [1m[35m (0.6ms)[0m  [1m[34mSELECT "schema_migrations"."version" FROM "schema_migrations" ORDER BY "schema_migrations"."version" ASC[0m
  [1m[36mActiveRecord::InternalMetadata Load (0.4ms)[0m  [1m[34mSELECT "ar_internal_metadata".* FROM "ar_internal_metadata" WHERE "ar_internal_metadata"."key" = ? LIMIT ?[0m  [["key", "environment"], ["LIMIT", 1]]
  [1m[35m (0.1ms)[0m  [1m[34mSELECT sqlite_version(*)[0m
  [1m[35m (0.3ms)[0m  [1m[34mSELECT "schema_migrations"."version" FROM "schema_migrations" ORDER BY "schema_migrations"."version" ASC[0m
  [1m[35m (19.5ms)[0m  [1m[34mSELECT sqlite_version(*)[0m
  [1m[35m (0.5ms)[0m  [1m[34mSELECT "schema_migrations"."version" FROM "schema_migrations" ORDER BY "schema_migrations"."version" ASC[0m
  [1m[36mActiveRecord::InternalMetadata Load (1.4ms)[0m  [1m[34mSELECT "ar_internal_metadata".* FROM "ar_internal_metadata" WHERE "ar_internal_metadata"."key" = ? LIMIT ?[0m  [["key", "environment"], ["LIMIT", 1]]
  [1m[35m (0.1ms)[0m  [1m[34mSELECT sqlite_version(*)[0m
  [1m[35m (0.4ms)[0m  [1m[34mSELECT "schema_migrations"."version" FROM "schema_migrations" ORDER BY "schema_migrations"."version" ASC[0m
